<?xml version="1.0" encoding="UTF-8" ?>
<testsuite tests="21" failures="0" name="hellocucumber.RunCucumberTest" time="24.223" errors="0" skipped="0">
  <properties>
[...]
</properties>
  <testcase classname="Categorize A Task" name="Categorize a Task without Priority Level (Normal Flow)" time="3.037"/>
  <testcase classname="Categorize A Task" name="Categorize a Task to Another Priority Level (Alternate Flow)" time="1.136"/>
  <testcase classname="Categorize A Task" name="Categorize a Task That Does Not Exist (Error Flow)" time="1.082"/>
  <testcase classname="Add A Task" name="Add a Task With Title (Normal Flow)" time="1.036"/>
  <testcase classname="Add A Task" name="Add a Task With Title And Description (Alternate Flow)" time="1.035"/>
  <testcase classname="Add A Task" name="Add a Task Without Title (Error Flow)" time="1.043"/>
  <testcase classname="Remove project" name="remove a project with a few tasks in it" time="1.069"/>
  <testcase classname="Remove project" name="remove an empty project" time="1.038"/>
  <testcase classname="Remove project" name="remove a non-existng project (error flow)" time="1.03"/>
  <testcase classname="query task in a project with filter" name="There are tasks for school that are incomplete" time="1.073"/>
  <testcase classname="query task in a project with filter" name="There are no tasks for school that are incomplete" time="1.073"/>
  <testcase classname="query task in a project with filter" name="project school does not exist (error flow)" time="1.054"/>
  <testcase classname="query task in a category with filter" name="There are some urgent and incomplete tasks" time="1.078"/>
  <testcase classname="query task in a category with filter" name="There is no task in urgent category that are incomplete" time="1.079"/>
  <testcase classname="query task in a category with filter" name="category urgent does not exist (error flow)" time="1.025"/>
  <testcase classname="Change Priority #1" name="Change Priority Level of Task with using id(Normal Flow)" time="1.076"/>
  <testcase classname="Change Priority #1" name="Change Priority Level of Task with using id and description(Alternate Flow)" time="1.092"/>
  <testcase classname="Change Priority #1" name="Change Priority Level of non-existing Task(Error Flow)" time="1.059"/>
  <testcase classname="Change Priority #2" name="Change Description of Task (Normal Flow)" time="1.041"/>
  <testcase classname="Change Priority #2" name="Change Description of Task to empty string (Alternate Flow)" time="1.041"/>
  <testcase classname="Change Priority #2" name="Change Description of a Task that does not exist (Error Flow)" time="1.026"/>
</testsuite>